{"meta": {"format": 3, "version": "7.6.10", "timestamp": "2025-01-25T08:27:10.708778", "branch_coverage": true, "show_contexts": false}, "files": {"ttrpg_dice/__init__.py": {"executed_lines": [1, 3, 4], "summary": {"covered_lines": 2, "num_statements": 2, "percent_covered": 100.0, "percent_covered_display": "100", "missing_lines": 0, "excluded_lines": 0, "num_branches": 0, "num_partial_branches": 0, "covered_branches": 0, "missing_branches": 0}, "missing_lines": [], "excluded_lines": [], "executed_branches": [], "missing_branches": [], "functions": {"": {"executed_lines": [1, 3, 4], "summary": {"covered_lines": 2, "num_statements": 2, "percent_covered": 100.0, "percent_covered_display": "100", "missing_lines": 0, "excluded_lines": 0, "num_branches": 0, "num_partial_branches": 0, "covered_branches": 0, "missing_branches": 0}, "missing_lines": [], "excluded_lines": [], "executed_branches": [], "missing_branches": []}}, "classes": {"": {"executed_lines": [1, 3, 4], "summary": {"covered_lines": 2, "num_statements": 2, "percent_covered": 100.0, "percent_covered_display": "100", "missing_lines": 0, "excluded_lines": 0, "num_branches": 0, "num_partial_branches": 0, "covered_branches": 0, "missing_branches": 0}, "missing_lines": [], "excluded_lines": [], "executed_branches": [], "missing_branches": []}}}, "ttrpg_dice/dice.py": {"executed_lines": [1, 2, 4, 5, 6, 8, 11, 12, 17, 18, 20, 22, 24, 25, 34, 35, 36, 37, 38, 39, 40, 41, 42, 43, 44, 46, 47, 48, 49, 51, 52, 54, 56, 58, 60, 62, 64, 65, 66, 67, 70, 71, 72, 75, 76, 77, 78, 79, 80, 81, 82, 83, 84, 86, 88, 89, 90, 91, 93, 95, 96, 98, 100, 102, 104, 105, 106, 108, 110, 111, 115, 117, 118, 120, 122, 123, 124, 125, 126, 133, 135, 136, 138, 139, 140, 144, 146, 147, 149, 150, 152, 153, 154, 155, 156, 157, 158, 159, 160, 161, 163, 164, 172, 180, 181, 182, 184, 191], "summary": {"covered_lines": 101, "num_statements": 103, "percent_covered": 96.63865546218487, "percent_covered_display": "97", "missing_lines": 2, "excluded_lines": 8, "num_branches": 16, "num_partial_branches": 2, "covered_branches": 14, "missing_branches": 2}, "missing_lines": [68, 73], "excluded_lines": [8, 9, 13, 14, 108, 109, 110, 111], "executed_branches": [[40, 41], [40, 42], [64, 65], [64, 70], [65, 66], [65, 67], [67, 77], [70, 71], [70, 72], [72, 77], [77, -60], [77, 78], [146, -144], [146, 147]], "missing_branches": [[67, 68], [72, 73]], "functions": {"Dice.__init__": {"executed_lines": [22], "summary": {"covered_lines": 1, "num_statements": 1, "percent_covered": 100.0, "percent_covered_display": "100", "missing_lines": 0, "excluded_lines": 0, "num_branches": 0, "num_partial_branches": 0, "covered_branches": 0, "missing_branches": 0}, "missing_lines": [], "excluded_lines": [], "executed_branches": [], "missing_branches": []}, "Dice._probabilities": {"executed_lines": [48, 49], "summary": {"covered_lines": 2, "num_statements": 2, "percent_covered": 100.0, "percent_covered_display": "100", "missing_lines": 0, "excluded_lines": 0, "num_branches": 0, "num_partial_branches": 0, "covered_branches": 0, "missing_branches": 0}, "missing_lines": [], "excluded_lines": [], "executed_branches": [], "missing_branches": []}, "Dice.weighted": {"executed_lines": [54], "summary": {"covered_lines": 1, "num_statements": 1, "percent_covered": 100.0, "percent_covered_display": "100", "missing_lines": 0, "excluded_lines": 0, "num_branches": 0, "num_partial_branches": 0, "covered_branches": 0, "missing_branches": 0}, "missing_lines": [], "excluded_lines": [], "executed_branches": [], "missing_branches": []}, "Dice.__iter__": {"executed_lines": [58], "summary": {"covered_lines": 1, "num_statements": 1, "percent_covered": 100.0, "percent_covered_display": "100", "missing_lines": 0, "excluded_lines": 0, "num_branches": 0, "num_partial_branches": 0, "covered_branches": 0, "missing_branches": 0}, "missing_lines": [], "excluded_lines": [], "executed_branches": [], "missing_branches": []}, "Dice.__getitem__": {"executed_lines": [62, 64, 65, 66, 67, 70, 71, 72, 75, 76, 77, 78, 79, 80, 81, 82, 83, 84], "summary": {"covered_lines": 18, "num_statements": 20, "percent_covered": 87.5, "percent_covered_display": "88", "missing_lines": 2, "excluded_lines": 0, "num_branches": 12, "num_partial_branches": 2, "covered_branches": 10, "missing_branches": 2}, "missing_lines": [68, 73], "excluded_lines": [], "executed_branches": [[64, 65], [64, 70], [65, 66], [65, 67], [67, 77], [70, 71], [70, 72], [72, 77], [77, -60], [77, 78]], "missing_branches": [[67, 68], [72, 73]]}, "Dice.__eq__": {"executed_lines": [88, 89, 90, 91], "summary": {"covered_lines": 4, "num_statements": 4, "percent_covered": 100.0, "percent_covered_display": "100", "missing_lines": 0, "excluded_lines": 0, "num_branches": 0, "num_partial_branches": 0, "covered_branches": 0, "missing_branches": 0}, "missing_lines": [], "excluded_lines": [], "executed_branches": [], "missing_branches": []}, "Dice.__hash__": {"executed_lines": [95, 96], "summary": {"covered_lines": 2, "num_statements": 2, "percent_covered": 100.0, "percent_covered_display": "100", "missing_lines": 0, "excluded_lines": 0, "num_branches": 0, "num_partial_branches": 0, "covered_branches": 0, "missing_branches": 0}, "missing_lines": [], "excluded_lines": [], "executed_branches": [], "missing_branches": []}, "Dice.__len__": {"executed_lines": [100], "summary": {"covered_lines": 1, "num_statements": 1, "percent_covered": 100.0, "percent_covered_display": "100", "missing_lines": 0, "excluded_lines": 0, "num_branches": 0, "num_partial_branches": 0, "covered_branches": 0, "missing_branches": 0}, "missing_lines": [], "excluded_lines": [], "executed_branches": [], "missing_branches": []}, "Dice.__str__": {"executed_lines": [104, 105, 106], "summary": {"covered_lines": 3, "num_statements": 3, "percent_covered": 100.0, "percent_covered_display": "100", "missing_lines": 0, "excluded_lines": 0, "num_branches": 0, "num_partial_branches": 0, "covered_branches": 0, "missing_branches": 0}, "missing_lines": [], "excluded_lines": [], "executed_branches": [], "missing_branches": []}, "Dice.__repr__": {"executed_lines": [110, 111], "summary": {"covered_lines": 0, "num_statements": 0, "percent_covered": 100.0, "percent_covered_display": "100", "missing_lines": 0, "excluded_lines": 3, "num_branches": 0, "num_partial_branches": 0, "covered_branches": 0, "missing_branches": 0}, "missing_lines": [], "excluded_lines": [109, 110, 111], "executed_branches": [], "missing_branches": []}, "Dice.__rmul__": {"executed_lines": [117, 118], "summary": {"covered_lines": 2, "num_statements": 2, "percent_covered": 100.0, "percent_covered_display": "100", "missing_lines": 0, "excluded_lines": 0, "num_branches": 0, "num_partial_branches": 0, "covered_branches": 0, "missing_branches": 0}, "missing_lines": [], "excluded_lines": [], "executed_branches": [], "missing_branches": []}, "Dice.__add__": {"executed_lines": [122, 123, 124, 125, 126, 133], "summary": {"covered_lines": 6, "num_statements": 6, "percent_covered": 100.0, "percent_covered_display": "100", "missing_lines": 0, "excluded_lines": 0, "num_branches": 0, "num_partial_branches": 0, "covered_branches": 0, "missing_branches": 0}, "missing_lines": [], "excluded_lines": [], "executed_branches": [], "missing_branches": []}, "Dice.from_contents": {"executed_lines": [138, 139, 140], "summary": {"covered_lines": 3, "num_statements": 3, "percent_covered": 100.0, "percent_covered_display": "100", "missing_lines": 0, "excluded_lines": 0, "num_branches": 0, "num_partial_branches": 0, "covered_branches": 0, "missing_branches": 0}, "missing_lines": [], "excluded_lines": [], "executed_branches": [], "missing_branches": []}, "Dice._unpackcontents": {"executed_lines": [146, 147], "summary": {"covered_lines": 2, "num_statements": 2, "percent_covered": 100.0, "percent_covered_display": "100", "missing_lines": 0, "excluded_lines": 0, "num_branches": 2, "num_partial_branches": 0, "covered_branches": 2, "missing_branches": 0}, "missing_lines": [], "excluded_lines": [], "executed_branches": [[146, -144], [146, 147]], "missing_branches": []}, "Dice._int": {"executed_lines": [152, 153, 154, 155, 156, 157, 158, 159, 160, 161], "summary": {"covered_lines": 10, "num_statements": 10, "percent_covered": 100.0, "percent_covered_display": "100", "missing_lines": 0, "excluded_lines": 0, "num_branches": 0, "num_partial_branches": 0, "covered_branches": 0, "missing_branches": 0}, "missing_lines": [], "excluded_lines": [], "executed_branches": [], "missing_branches": []}, "DiceIndexError.__init__": {"executed_lines": [180, 181, 182], "summary": {"covered_lines": 3, "num_statements": 3, "percent_covered": 100.0, "percent_covered_display": "100", "missing_lines": 0, "excluded_lines": 0, "num_branches": 0, "num_partial_branches": 0, "covered_branches": 0, "missing_branches": 0}, "missing_lines": [], "excluded_lines": [], "executed_branches": [], "missing_branches": []}, "DiceIndexError._error_message": {"executed_lines": [191], "summary": {"covered_lines": 1, "num_statements": 1, "percent_covered": 100.0, "percent_covered_display": "100", "missing_lines": 0, "excluded_lines": 0, "num_branches": 0, "num_partial_branches": 0, "covered_branches": 0, "missing_branches": 0}, "missing_lines": [], "excluded_lines": [], "executed_branches": [], "missing_branches": []}, "": {"executed_lines": [1, 2, 4, 5, 6, 8, 11, 12, 17, 18, 20, 24, 25, 46, 47, 51, 52, 56, 60, 86, 93, 98, 102, 108, 115, 120, 135, 136, 144, 149, 150, 163, 164, 172, 184], "summary": {"covered_lines": 30, "num_statements": 30, "percent_covered": 100.0, "percent_covered_display": "100", "missing_lines": 0, "excluded_lines": 5, "num_branches": 0, "num_partial_branches": 0, "covered_branches": 0, "missing_branches": 0}, "missing_lines": [], "excluded_lines": [8, 9, 13, 14, 108], "executed_branches": [], "missing_branches": []}}, "classes": {"Dice": {"executed_lines": [22, 34, 35, 36, 37, 38, 39, 40, 41, 42, 43, 44, 48, 49, 54, 58, 62, 64, 65, 66, 67, 70, 71, 72, 75, 76, 77, 78, 79, 80, 81, 82, 83, 84, 88, 89, 90, 91, 95, 96, 100, 104, 105, 106, 110, 111, 117, 118, 122, 123, 124, 125, 126, 133, 138, 139, 140, 146, 147, 152, 153, 154, 155, 156, 157, 158, 159, 160, 161], "summary": {"covered_lines": 67, "num_statements": 69, "percent_covered": 95.29411764705883, "percent_covered_display": "95", "missing_lines": 2, "excluded_lines": 3, "num_branches": 16, "num_partial_branches": 2, "covered_branches": 14, "missing_branches": 2}, "missing_lines": [68, 73], "excluded_lines": [109, 110, 111], "executed_branches": [[40, 41], [40, 42], [64, 65], [64, 70], [65, 66], [65, 67], [67, 77], [70, 71], [70, 72], [72, 77], [77, -60], [77, 78], [146, -144], [146, 147]], "missing_branches": [[67, 68], [72, 73]]}, "DiceIndexError": {"executed_lines": [180, 181, 182, 191], "summary": {"covered_lines": 4, "num_statements": 4, "percent_covered": 100.0, "percent_covered_display": "100", "missing_lines": 0, "excluded_lines": 0, "num_branches": 0, "num_partial_branches": 0, "covered_branches": 0, "missing_branches": 0}, "missing_lines": [], "excluded_lines": [], "executed_branches": [], "missing_branches": []}, "": {"executed_lines": [1, 2, 4, 5, 6, 8, 11, 12, 17, 18, 20, 24, 25, 46, 47, 51, 52, 56, 60, 86, 93, 98, 102, 108, 115, 120, 135, 136, 144, 149, 150, 163, 164, 172, 184], "summary": {"covered_lines": 30, "num_statements": 30, "percent_covered": 100.0, "percent_covered_display": "100", "missing_lines": 0, "excluded_lines": 5, "num_branches": 0, "num_partial_branches": 0, "covered_branches": 0, "missing_branches": 0}, "missing_lines": [], "excluded_lines": [8, 9, 13, 14, 108], "executed_branches": [], "missing_branches": []}}}, "ttrpg_dice/manydice.py": {"executed_lines": [1, 2, 4, 5, 6, 7, 9, 10, 12, 21, 46, 47, 48, 50, 52, 53, 54, 55, 57, 58, 61, 62, 64, 66, 67, 68, 69, 70, 71, 72, 74, 76, 77, 78, 80, 83, 85, 86, 88, 89, 90, 92, 93, 94, 95, 98, 99, 101, 103, 104, 106, 107, 108, 113, 115, 117, 121, 122, 124, 126, 127, 128, 129, 130, 132, 134, 135, 136, 137, 138, 139, 140, 141, 149, 159, 160, 161, 162, 163, 164, 165, 166, 167, 171], "summary": {"covered_lines": 79, "num_statements": 79, "percent_covered": 100.0, "percent_covered_display": "100", "missing_lines": 0, "excluded_lines": 7, "num_branches": 10, "num_partial_branches": 0, "covered_branches": 10, "missing_branches": 0}, "missing_lines": [], "excluded_lines": [12, 13, 15, 16, 18, 80, 81], "executed_branches": [[46, 47], [46, 50], [76, 77], [76, 78], [103, 104], [103, 106], [159, 160], [159, 171], [160, 159], [160, 161]], "missing_branches": [], "functions": {"lazyroll": {"executed_lines": [46, 47, 48, 50, 57, 58], "summary": {"covered_lines": 6, "num_statements": 6, "percent_covered": 100.0, "percent_covered_display": "100", "missing_lines": 0, "excluded_lines": 0, "num_branches": 2, "num_partial_branches": 0, "covered_branches": 2, "missing_branches": 0}, "missing_lines": [], "excluded_lines": [], "executed_branches": [[46, 47], [46, 50]], "missing_branches": []}, "lazyroll._p": {"executed_lines": [52, 53, 54, 55], "summary": {"covered_lines": 4, "num_statements": 4, "percent_covered": 100.0, "percent_covered_display": "100", "missing_lines": 0, "excluded_lines": 0, "num_branches": 0, "num_partial_branches": 0, "covered_branches": 0, "missing_branches": 0}, "missing_lines": [], "excluded_lines": [], "executed_branches": [], "missing_branches": []}, "LazyRollTable.__init__": {"executed_lines": [66, 67, 68, 69, 70, 71, 72], "summary": {"covered_lines": 7, "num_statements": 7, "percent_covered": 100.0, "percent_covered_display": "100", "missing_lines": 0, "excluded_lines": 0, "num_branches": 0, "num_partial_branches": 0, "covered_branches": 0, "missing_branches": 0}, "missing_lines": [], "excluded_lines": [], "executed_branches": [], "missing_branches": []}, "LazyRollTable.__eq__": {"executed_lines": [76, 77, 78], "summary": {"covered_lines": 3, "num_statements": 3, "percent_covered": 100.0, "percent_covered_display": "100", "missing_lines": 0, "excluded_lines": 0, "num_branches": 2, "num_partial_branches": 0, "covered_branches": 2, "missing_branches": 0}, "missing_lines": [], "excluded_lines": [], "executed_branches": [[76, 77], [76, 78]], "missing_branches": []}, "LazyRollTable.__repr__": {"executed_lines": [], "summary": {"covered_lines": 0, "num_statements": 0, "percent_covered": 100.0, "percent_covered_display": "100", "missing_lines": 0, "excluded_lines": 1, "num_branches": 0, "num_partial_branches": 0, "covered_branches": 0, "missing_branches": 0}, "missing_lines": [], "excluded_lines": [81], "executed_branches": [], "missing_branches": []}, "LazyRollTable.__str__": {"executed_lines": [85, 86, 88, 92, 93, 94, 95], "summary": {"covered_lines": 7, "num_statements": 7, "percent_covered": 100.0, "percent_covered_display": "100", "missing_lines": 0, "excluded_lines": 0, "num_branches": 0, "num_partial_branches": 0, "covered_branches": 0, "missing_branches": 0}, "missing_lines": [], "excluded_lines": [], "executed_branches": [], "missing_branches": []}, "LazyRollTable.__str__._formatroll": {"executed_lines": [89, 90], "summary": {"covered_lines": 2, "num_statements": 2, "percent_covered": 100.0, "percent_covered_display": "100", "missing_lines": 0, "excluded_lines": 0, "num_branches": 0, "num_partial_branches": 0, "covered_branches": 0, "missing_branches": 0}, "missing_lines": [], "excluded_lines": [], "executed_branches": [], "missing_branches": []}, "PoolComparison.__init__": {"executed_lines": [103, 104, 106, 107, 108, 113], "summary": {"covered_lines": 6, "num_statements": 6, "percent_covered": 100.0, "percent_covered_display": "100", "missing_lines": 0, "excluded_lines": 0, "num_branches": 2, "num_partial_branches": 0, "covered_branches": 2, "missing_branches": 0}, "missing_lines": [], "excluded_lines": [], "executed_branches": [[103, 104], [103, 106]], "missing_branches": []}, "PoolComparison.__str__": {"executed_lines": [117, 121, 122], "summary": {"covered_lines": 3, "num_statements": 3, "percent_covered": 100.0, "percent_covered_display": "100", "missing_lines": 0, "excluded_lines": 0, "num_branches": 0, "num_partial_branches": 0, "covered_branches": 0, "missing_branches": 0}, "missing_lines": [], "excluded_lines": [], "executed_branches": [], "missing_branches": []}, "PoolComparison.plot": {"executed_lines": [126, 127, 128, 129, 130], "summary": {"covered_lines": 5, "num_statements": 5, "percent_covered": 100.0, "percent_covered_display": "100", "missing_lines": 0, "excluded_lines": 0, "num_branches": 0, "num_partial_branches": 0, "covered_branches": 0, "missing_branches": 0}, "missing_lines": [], "excluded_lines": [], "executed_branches": [], "missing_branches": []}, "PoolComparison.plotable": {"executed_lines": [134, 135, 136, 137, 138, 139, 140, 141, 149, 159, 160, 161, 162, 163, 164, 165, 166, 167, 171], "summary": {"covered_lines": 19, "num_statements": 19, "percent_covered": 100.0, "percent_covered_display": "100", "missing_lines": 0, "excluded_lines": 0, "num_branches": 4, "num_partial_branches": 0, "covered_branches": 4, "missing_branches": 0}, "missing_lines": [], "excluded_lines": [], "executed_branches": [[159, 160], [159, 171], [160, 159], [160, 161]], "missing_branches": []}, "": {"executed_lines": [1, 2, 4, 5, 6, 7, 9, 10, 12, 21, 61, 62, 64, 74, 80, 83, 98, 99, 101, 115, 124, 132], "summary": {"covered_lines": 17, "num_statements": 17, "percent_covered": 100.0, "percent_covered_display": "100", "missing_lines": 0, "excluded_lines": 6, "num_branches": 0, "num_partial_branches": 0, "covered_branches": 0, "missing_branches": 0}, "missing_lines": [], "excluded_lines": [12, 13, 15, 16, 18, 80], "executed_branches": [], "missing_branches": []}}, "classes": {"LazyRollTable": {"executed_lines": [66, 67, 68, 69, 70, 71, 72, 76, 77, 78, 85, 86, 88, 89, 90, 92, 93, 94, 95], "summary": {"covered_lines": 19, "num_statements": 19, "percent_covered": 100.0, "percent_covered_display": "100", "missing_lines": 0, "excluded_lines": 1, "num_branches": 2, "num_partial_branches": 0, "covered_branches": 2, "missing_branches": 0}, "missing_lines": [], "excluded_lines": [81], "executed_branches": [[76, 77], [76, 78]], "missing_branches": []}, "PoolComparison": {"executed_lines": [103, 104, 106, 107, 108, 113, 117, 121, 122, 126, 127, 128, 129, 130, 134, 135, 136, 137, 138, 139, 140, 141, 149, 159, 160, 161, 162, 163, 164, 165, 166, 167, 171], "summary": {"covered_lines": 33, "num_statements": 33, "percent_covered": 100.0, "percent_covered_display": "100", "missing_lines": 0, "excluded_lines": 0, "num_branches": 6, "num_partial_branches": 0, "covered_branches": 6, "missing_branches": 0}, "missing_lines": [], "excluded_lines": [], "executed_branches": [[103, 104], [103, 106], [159, 160], [159, 171], [160, 159], [160, 161]], "missing_branches": []}, "": {"executed_lines": [1, 2, 4, 5, 6, 7, 9, 10, 12, 21, 46, 47, 48, 50, 52, 53, 54, 55, 57, 58, 61, 62, 64, 74, 80, 83, 98, 99, 101, 115, 124, 132], "summary": {"covered_lines": 27, "num_statements": 27, "percent_covered": 100.0, "percent_covered_display": "100", "missing_lines": 0, "excluded_lines": 6, "num_branches": 2, "num_partial_branches": 0, "covered_branches": 2, "missing_branches": 0}, "missing_lines": [], "excluded_lines": [12, 13, 15, 16, 18, 80], "executed_branches": [[46, 47], [46, 50]], "missing_branches": []}}}}, "totals": {"covered_lines": 182, "num_statements": 184, "percent_covered": 98.0952380952381, "percent_covered_display": "98", "missing_lines": 2, "excluded_lines": 15, "num_branches": 26, "num_partial_branches": 2, "covered_branches": 24, "missing_branches": 2}}